[Message:   BepInEx] BepInEx 5.4.22.0 - Lethal Company (19/01/2024 10:49:33)
[Info   :   BepInEx] Running under Unity v2022.3.9.15351836
[Info   :   BepInEx] CLR runtime version: 4.0.30319.42000
[Info   :   BepInEx] Supports SRE: True
[Info   :   BepInEx] System platform: Bits64, Windows
[Message:   BepInEx] Preloader started
[Info   :   BepInEx] Loaded 1 patcher method from [BepInEx.Preloader 5.4.22.0]
[Info   :   BepInEx] 1 patcher plugin loaded
[Info   :   BepInEx] Patching [UnityEngine.CoreModule] with [BepInEx.Chainloader]
[Message:   BepInEx] Preloader finished
[Message:   BepInEx] Chainloader ready
[Message:   BepInEx] Chainloader started
[Info   :   BepInEx] 3 plugins to load
[Info   :   BepInEx] Loading [Custom Sounds 2.3.2]
[Info   :CustomSounds] "HideManagerGameObject" is correctly set to true.
[Info   :CustomSounds] Plugin CustomSounds is loaded!
[Info   :   BepInEx] Loading [LC Sound Tool 1.5.0]
[Info   :LCSoundTool] Plugin LCSoundTool is loaded!
[Info   :   BepInEx] Loading [Mercurys Company 1.1.0]
[Info   :Poseidon.MercurysCompany] !!!MERCURYS COMPANY IS NOW ACTIVE!!!HAVE A NICE DAY :^)
[Warning:  HarmonyX] AccessTools.DeclaredMethod: Could not find method for type Turret and name Turret and parameters 
[Message:   BepInEx] Chainloader startup complete
[Warning:LCSoundTool] Legacy directory location at BepInEx/Plugins found!
[Warning:LCSoundTool] Legacy path contains the requested audio file at path C:\Program Files (x86)\Steam\steamapps\common\Lethal Company\BepInEx\plugins\CustomSounds\Mercurys Company SoundTrack\0DaysLeftAlert.wav!
[Warning:LCSoundTool] Legacy directory location at BepInEx/Plugins found!
[Warning:LCSoundTool] Legacy path contains the requested audio file at path C:\Program Files (x86)\Steam\steamapps\common\Lethal Company\BepInEx\plugins\CustomSounds\Mercurys Company SoundTrack\AirHorn1.wav!
[Warning:LCSoundTool] Legacy directory location at BepInEx/Plugins found!
[Warning:LCSoundTool] Legacy path contains the requested audio file at path C:\Program Files (x86)\Steam\steamapps\common\Lethal Company\BepInEx\plugins\CustomSounds\Mercurys Company SoundTrack\AirHornFar.wav!
[Warning:LCSoundTool] Legacy directory location at BepInEx/Plugins found!
[Warning:LCSoundTool] Legacy path contains the requested audio file at path C:\Program Files (x86)\Steam\steamapps\common\Lethal Company\BepInEx\plugins\CustomSounds\Mercurys Company SoundTrack\AmbientMusic1.wav!
[Warning:LCSoundTool] Legacy directory location at BepInEx/Plugins found!
[Warning:LCSoundTool] Legacy path contains the requested audio file at path C:\Program Files (x86)\Steam\steamapps\common\Lethal Company\BepInEx\plugins\CustomSounds\Mercurys Company SoundTrack\AmbientMusic2.wav!
[Warning:LCSoundTool] Legacy directory location at BepInEx/Plugins found!
[Warning:LCSoundTool] Legacy path contains the requested audio file at path C:\Program Files (x86)\Steam\steamapps\common\Lethal Company\BepInEx\plugins\CustomSounds\Mercurys Company SoundTrack\AmbientMusic3.wav!
[Warning:LCSoundTool] Legacy directory location at BepInEx/Plugins found!
[Warning:LCSoundTool] Legacy path contains the requested audio file at path C:\Program Files (x86)\Steam\steamapps\common\Lethal Company\BepInEx\plugins\CustomSounds\Mercurys Company SoundTrack\Clownhorn1.wav!
[Warning:LCSoundTool] Legacy directory location at BepInEx/Plugins found!
[Warning:LCSoundTool] Legacy path contains the requested audio file at path C:\Program Files (x86)\Steam\steamapps\common\Lethal Company\BepInEx\plugins\CustomSounds\Mercurys Company SoundTrack\ClownHornFar.wav!
[Warning:LCSoundTool] Legacy directory location at BepInEx/Plugins found!
[Warning:LCSoundTool] Legacy path contains the requested audio file at path C:\Program Files (x86)\Steam\steamapps\common\Lethal Company\BepInEx\plugins\CustomSounds\Mercurys Company SoundTrack\IceCreamTruck.wav!
[Warning:LCSoundTool] Legacy directory location at BepInEx/Plugins found!
[Warning:LCSoundTool] Legacy path contains the requested audio file at path C:\Program Files (x86)\Steam\steamapps\common\Lethal Company\BepInEx\plugins\CustomSounds\Mercurys Company SoundTrack\Icecreamtruckfar.wav!
[Warning:LCSoundTool] Legacy directory location at BepInEx/Plugins found!
[Warning:LCSoundTool] Legacy path contains the requested audio file at path C:\Program Files (x86)\Steam\steamapps\common\Lethal Company\BepInEx\plugins\CustomSounds\Mercurys Company SoundTrack\MaskComedyAttach.wav!
[Warning:LCSoundTool] Legacy directory location at BepInEx/Plugins found!
[Warning:LCSoundTool] Legacy path contains the requested audio file at path C:\Program Files (x86)\Steam\steamapps\common\Lethal Company\BepInEx\plugins\CustomSounds\Mercurys Company SoundTrack\Nutcracker die.wav!
[Warning:LCSoundTool] Legacy directory location at BepInEx/Plugins found!
[Warning:LCSoundTool] Legacy path contains the requested audio file at path C:\Program Files (x86)\Steam\steamapps\common\Lethal Company\BepInEx\plugins\CustomSounds\Mercurys Company SoundTrack\NutcrackerAngry.wav!
[Warning:LCSoundTool] Legacy directory location at BepInEx/Plugins found!
[Warning:LCSoundTool] Legacy path contains the requested audio file at path C:\Program Files (x86)\Steam\steamapps\common\Lethal Company\BepInEx\plugins\CustomSounds\Mercurys Company SoundTrack\NutcrackerHitEye.wav!
[Warning:LCSoundTool] Legacy directory location at BepInEx/Plugins found!
[Warning:LCSoundTool] Legacy path contains the requested audio file at path C:\Program Files (x86)\Steam\steamapps\common\Lethal Company\BepInEx\plugins\CustomSounds\Mercurys Company SoundTrack\NutcrackerTurn.wav!
[Warning:LCSoundTool] Legacy directory location at BepInEx/Plugins found!
[Warning:LCSoundTool] Legacy path contains the requested audio file at path C:\Program Files (x86)\Steam\steamapps\common\Lethal Company\BepInEx\plugins\CustomSounds\Mercurys Company SoundTrack\Sentry Berserk.wav!
[Warning:LCSoundTool] Legacy directory location at BepInEx/Plugins found!
[Warning:LCSoundTool] Legacy path contains the requested audio file at path C:\Program Files (x86)\Steam\steamapps\common\Lethal Company\BepInEx\plugins\CustomSounds\Mercurys Company SoundTrack\Sentry Deactivated .wav!
[Warning:LCSoundTool] Legacy directory location at BepInEx/Plugins found!
[Warning:LCSoundTool] Legacy path contains the requested audio file at path C:\Program Files (x86)\Steam\steamapps\common\Lethal Company\BepInEx\plugins\CustomSounds\Mercurys Company SoundTrack\TurretActivate.wav!
[Warning:LCSoundTool] Networking disabled. Mod in fully client side mode, but no networked actions can take place! You can safely ignore this if you want the mod to run fully client side.
